GET /api/persons 200 223 - 14.636 ms
POST /api/persons 200 59 - 1.129 ms
POST /api/persons 422 35 - 0.794 ms
POST /api/persons 200 62 - 0.622 ms
POST /api/persons 200 59 - 0.698 ms
GET /api/persons 200 406 - 0.473 ms
POST /api/persons 200 59 - 12.769 ms
POST /api/persons 200 59 - 12.136 ms
GET /api/persons 304 - - 2.448 ms
GET /api/persons 304 - - 2.966 ms
GET /api/persons 304 - - 0.689 ms
GET /api/persons 304 - - 0.261 ms
GET /api/persons 304 - - 0.314 ms
GET /api/persons 304 - - 0.350 ms
GET /api/persons 304 - - 0.253 ms
GET /api/persons 304 - - 0.224 ms
GET /api/persons 304 - - 0.228 ms
GET /api/persons 304 - - 0.371 ms
POST /api/persons 400 29 - 11.332 ms
GET /api/persons 304 - - 0.236 ms
POST /api/persons 200 41 - 0.885 ms
GET /api/persons 200 265 - 0.280 ms
DELETE /api/persons/4102 204 - - 0.767 ms
GET /api/persons 200 223 - 0.264 ms
POST /api/persons 200 42 - 0.453 ms
GET /api/persons 200 266 - 0.241 ms
PUT /api/persons/5626 404 28 - 0.568 ms
